Analysis & Synthesis report for Processor
Wed Jun 06 19:28:03 2018
Quartus Prime Version 17.0.0 Build 595 04/25/2017 SJ Lite Edition


---------------------
; Table of Contents ;
---------------------
  1. Legal Notice
  2. Analysis & Synthesis Summary
  3. Analysis & Synthesis Settings
  4. Analysis & Synthesis Source Files Read
  5. Analysis & Synthesis Resource Usage Summary
  6. Analysis & Synthesis Resource Utilization by Entity
  7. Analysis & Synthesis RAM Summary
  8. Analysis & Synthesis IP Cores Summary
  9. General Register Statistics
 10. Multiplexer Restructuring Statistics (Restructuring Performed)
 11. Source assignments for Data_Memory:DM|altsyncram:altsyncram_component|altsyncram_a8i1:auto_generated
 12. Parameter Settings for User Entity Instance: Data_Memory:DM|altsyncram:altsyncram_component
 13. Parameter Settings for User Entity Instance: Mux_16_Bit_2_to_1:MUX|lpm_mux:LPM_MUX_component
 14. Parameter Settings for User Entity Instance: RegisterFile:RF|GenericDecoder:WriteDecoder
 15. Parameter Settings for User Entity Instance: RegisterFile:RF|GenericDecoder:ReadADecoder
 16. Parameter Settings for User Entity Instance: RegisterFile:RF|GenericDecoder:ReadBDecoder
 17. altsyncram Parameter Settings by Entity Instance
 18. Port Connectivity Checks: "RegisterFile:RF"
 19. Post-Synthesis Netlist Statistics for Top Partition
 20. Elapsed Time Per Partition
 21. Analysis & Synthesis Messages
 22. Analysis & Synthesis Suppressed Messages



----------------
; Legal Notice ;
----------------
Copyright (C) 2017  Intel Corporation. All rights reserved.
Your use of Intel Corporation's design tools, logic functions 
and other software and tools, and its AMPP partner logic 
functions, and any output files from any of the foregoing 
(including device programming or simulation files), and any 
associated documentation or information are expressly subject 
to the terms and conditions of the Intel Program License 
Subscription Agreement, the Intel Quartus Prime License Agreement,
the Intel MegaCore Function License Agreement, or other 
applicable license agreement, including, without limitation, 
that your use is for the sole purpose of programming logic 
devices manufactured by Intel and sold by Intel or its 
authorized distributors.  Please refer to the applicable 
agreement for further details.



+----------------------------------------------------------------------------------+
; Analysis & Synthesis Summary                                                     ;
+------------------------------------+---------------------------------------------+
; Analysis & Synthesis Status        ; Successful - Wed Jun 06 19:28:03 2018       ;
; Quartus Prime Version              ; 17.0.0 Build 595 04/25/2017 SJ Lite Edition ;
; Revision Name                      ; Processor                                   ;
; Top-level Entity Name              ; Data_Path                                   ;
; Family                             ; Cyclone IV E                                ;
; Total logic elements               ; 761                                         ;
;     Total combinational functions  ; 537                                         ;
;     Dedicated logic registers      ; 256                                         ;
; Total registers                    ; 256                                         ;
; Total pins                         ; 76                                          ;
; Total virtual pins                 ; 0                                           ;
; Total memory bits                  ; 4,096                                       ;
; Embedded Multiplier 9-bit elements ; 0                                           ;
; Total PLLs                         ; 0                                           ;
+------------------------------------+---------------------------------------------+


+----------------------------------------------------------------------------------------------------------------------+
; Analysis & Synthesis Settings                                                                                        ;
+----------------------------------------------------------------------------+--------------------+--------------------+
; Option                                                                     ; Setting            ; Default Value      ;
+----------------------------------------------------------------------------+--------------------+--------------------+
; Device                                                                     ; EP4CE115F29C7      ;                    ;
; Top-level entity name                                                      ; Data_Path          ; Processor          ;
; Family name                                                                ; Cyclone IV E       ; Cyclone V          ;
; Use smart compilation                                                      ; Off                ; Off                ;
; Enable parallel Assembler and TimeQuest Timing Analyzer during compilation ; On                 ; On                 ;
; Enable compact report table                                                ; Off                ; Off                ;
; Restructure Multiplexers                                                   ; Auto               ; Auto               ;
; Create Debugging Nodes for IP Cores                                        ; Off                ; Off                ;
; Preserve fewer node names                                                  ; On                 ; On                 ;
; OpenCore Plus hardware evaluation                                          ; Enable             ; Enable             ;
; Verilog Version                                                            ; Verilog_2001       ; Verilog_2001       ;
; VHDL Version                                                               ; VHDL_1993          ; VHDL_1993          ;
; State Machine Processing                                                   ; Auto               ; Auto               ;
; Safe State Machine                                                         ; Off                ; Off                ;
; Extract Verilog State Machines                                             ; On                 ; On                 ;
; Extract VHDL State Machines                                                ; On                 ; On                 ;
; Ignore Verilog initial constructs                                          ; Off                ; Off                ;
; Iteration limit for constant Verilog loops                                 ; 5000               ; 5000               ;
; Iteration limit for non-constant Verilog loops                             ; 250                ; 250                ;
; Add Pass-Through Logic to Inferred RAMs                                    ; On                 ; On                 ;
; Infer RAMs from Raw Logic                                                  ; On                 ; On                 ;
; Parallel Synthesis                                                         ; On                 ; On                 ;
; DSP Block Balancing                                                        ; Auto               ; Auto               ;
; NOT Gate Push-Back                                                         ; On                 ; On                 ;
; Power-Up Don't Care                                                        ; On                 ; On                 ;
; Remove Redundant Logic Cells                                               ; Off                ; Off                ;
; Remove Duplicate Registers                                                 ; On                 ; On                 ;
; Ignore CARRY Buffers                                                       ; Off                ; Off                ;
; Ignore CASCADE Buffers                                                     ; Off                ; Off                ;
; Ignore GLOBAL Buffers                                                      ; Off                ; Off                ;
; Ignore ROW GLOBAL Buffers                                                  ; Off                ; Off                ;
; Ignore LCELL Buffers                                                       ; Off                ; Off                ;
; Ignore SOFT Buffers                                                        ; On                 ; On                 ;
; Limit AHDL Integers to 32 Bits                                             ; Off                ; Off                ;
; Optimization Technique                                                     ; Balanced           ; Balanced           ;
; Carry Chain Length                                                         ; 70                 ; 70                 ;
; Auto Carry Chains                                                          ; On                 ; On                 ;
; Auto Open-Drain Pins                                                       ; On                 ; On                 ;
; Perform WYSIWYG Primitive Resynthesis                                      ; Off                ; Off                ;
; Auto ROM Replacement                                                       ; On                 ; On                 ;
; Auto RAM Replacement                                                       ; On                 ; On                 ;
; Auto DSP Block Replacement                                                 ; On                 ; On                 ;
; Auto Shift Register Replacement                                            ; Auto               ; Auto               ;
; Allow Shift Register Merging across Hierarchies                            ; Auto               ; Auto               ;
; Auto Clock Enable Replacement                                              ; On                 ; On                 ;
; Strict RAM Replacement                                                     ; Off                ; Off                ;
; Allow Synchronous Control Signals                                          ; On                 ; On                 ;
; Force Use of Synchronous Clear Signals                                     ; Off                ; Off                ;
; Auto RAM Block Balancing                                                   ; On                 ; On                 ;
; Auto RAM to Logic Cell Conversion                                          ; Off                ; Off                ;
; Auto Resource Sharing                                                      ; Off                ; Off                ;
; Allow Any RAM Size For Recognition                                         ; Off                ; Off                ;
; Allow Any ROM Size For Recognition                                         ; Off                ; Off                ;
; Allow Any Shift Register Size For Recognition                              ; Off                ; Off                ;
; Use LogicLock Constraints during Resource Balancing                        ; On                 ; On                 ;
; Ignore translate_off and synthesis_off directives                          ; Off                ; Off                ;
; Timing-Driven Synthesis                                                    ; On                 ; On                 ;
; Report Parameter Settings                                                  ; On                 ; On                 ;
; Report Source Assignments                                                  ; On                 ; On                 ;
; Report Connectivity Checks                                                 ; On                 ; On                 ;
; Ignore Maximum Fan-Out Assignments                                         ; Off                ; Off                ;
; Synchronization Register Chain Length                                      ; 2                  ; 2                  ;
; PowerPlay Power Optimization During Synthesis                              ; Normal compilation ; Normal compilation ;
; HDL message level                                                          ; Level2             ; Level2             ;
; Suppress Register Optimization Related Messages                            ; Off                ; Off                ;
; Number of Removed Registers Reported in Synthesis Report                   ; 5000               ; 5000               ;
; Number of Swept Nodes Reported in Synthesis Report                         ; 5000               ; 5000               ;
; Number of Inverted Registers Reported in Synthesis Report                  ; 100                ; 100                ;
; Clock MUX Protection                                                       ; On                 ; On                 ;
; Auto Gated Clock Conversion                                                ; Off                ; Off                ;
; Block Design Naming                                                        ; Auto               ; Auto               ;
; SDC constraint protection                                                  ; Off                ; Off                ;
; Synthesis Effort                                                           ; Auto               ; Auto               ;
; Shift Register Replacement - Allow Asynchronous Clear Signal               ; On                 ; On                 ;
; Pre-Mapping Resynthesis Optimization                                       ; Off                ; Off                ;
; Analysis & Synthesis Message Level                                         ; Medium             ; Medium             ;
; Disable Register Merging Across Hierarchies                                ; Auto               ; Auto               ;
; Resource Aware Inference For Block RAM                                     ; On                 ; On                 ;
+----------------------------------------------------------------------------+--------------------+--------------------+


+--------------------------------------------------------------------------------------------------------------------------------------------------------------------------------+
; Analysis & Synthesis Source Files Read                                                                                                                                         ;
+----------------------------------+-----------------+----------------------------------+------------------------------------------------------------------------------+---------+
; File Name with User-Entered Path ; Used in Netlist ; File Type                        ; File Name with Absolute Path                                                 ; Library ;
+----------------------------------+-----------------+----------------------------------+------------------------------------------------------------------------------+---------+
; RegegisterFile.sv                ; yes             ; User SystemVerilog HDL File      ; C:/UWT/TCES330/labs/Processor/RegegisterFile.sv                              ;         ;
; RegisterDualOE.v                 ; yes             ; User Verilog HDL File            ; C:/UWT/TCES330/labs/Processor/RegisterDualOE.v                               ;         ;
; GenericDecoder2.v                ; yes             ; User Verilog HDL File            ; C:/UWT/TCES330/labs/Processor/GenericDecoder2.v                              ;         ;
; Data_Path.sv                     ; yes             ; User SystemVerilog HDL File      ; C:/UWT/TCES330/labs/Processor/Data_Path.sv                                   ;         ;
; ALU.sv                           ; yes             ; User SystemVerilog HDL File      ; C:/UWT/TCES330/labs/Processor/ALU.sv                                         ;         ;
; Data_Mem_Init.mif                ; yes             ; User Memory Initialization File  ; C:/UWT/TCES330/labs/Processor/Data_Mem_Init.mif                              ;         ;
; Data_Memory.v                    ; yes             ; User Wizard-Generated File       ; C:/UWT/TCES330/labs/Processor/Data_Memory.v                                  ;         ;
; Mux_16_Bit_2_to_1.v              ; yes             ; User Wizard-Generated File       ; C:/UWT/TCES330/labs/Processor/Mux_16_Bit_2_to_1.v                            ;         ;
; altsyncram.tdf                   ; yes             ; Megafunction                     ; c:/intelfpga_lite/17.0/quartus/libraries/megafunctions/altsyncram.tdf        ;         ;
; stratix_ram_block.inc            ; yes             ; Megafunction                     ; c:/intelfpga_lite/17.0/quartus/libraries/megafunctions/stratix_ram_block.inc ;         ;
; lpm_mux.inc                      ; yes             ; Megafunction                     ; c:/intelfpga_lite/17.0/quartus/libraries/megafunctions/lpm_mux.inc           ;         ;
; lpm_decode.inc                   ; yes             ; Megafunction                     ; c:/intelfpga_lite/17.0/quartus/libraries/megafunctions/lpm_decode.inc        ;         ;
; aglobal170.inc                   ; yes             ; Megafunction                     ; c:/intelfpga_lite/17.0/quartus/libraries/megafunctions/aglobal170.inc        ;         ;
; a_rdenreg.inc                    ; yes             ; Megafunction                     ; c:/intelfpga_lite/17.0/quartus/libraries/megafunctions/a_rdenreg.inc         ;         ;
; altrom.inc                       ; yes             ; Megafunction                     ; c:/intelfpga_lite/17.0/quartus/libraries/megafunctions/altrom.inc            ;         ;
; altram.inc                       ; yes             ; Megafunction                     ; c:/intelfpga_lite/17.0/quartus/libraries/megafunctions/altram.inc            ;         ;
; altdpram.inc                     ; yes             ; Megafunction                     ; c:/intelfpga_lite/17.0/quartus/libraries/megafunctions/altdpram.inc          ;         ;
; db/altsyncram_a8i1.tdf           ; yes             ; Auto-Generated Megafunction      ; C:/UWT/TCES330/labs/Processor/db/altsyncram_a8i1.tdf                         ;         ;
; lpm_mux.tdf                      ; yes             ; Megafunction                     ; c:/intelfpga_lite/17.0/quartus/libraries/megafunctions/lpm_mux.tdf           ;         ;
; muxlut.inc                       ; yes             ; Megafunction                     ; c:/intelfpga_lite/17.0/quartus/libraries/megafunctions/muxlut.inc            ;         ;
; bypassff.inc                     ; yes             ; Megafunction                     ; c:/intelfpga_lite/17.0/quartus/libraries/megafunctions/bypassff.inc          ;         ;
; altshift.inc                     ; yes             ; Megafunction                     ; c:/intelfpga_lite/17.0/quartus/libraries/megafunctions/altshift.inc          ;         ;
; db/mux_tsc.tdf                   ; yes             ; Auto-Generated Megafunction      ; C:/UWT/TCES330/labs/Processor/db/mux_tsc.tdf                                 ;         ;
+----------------------------------+-----------------+----------------------------------+------------------------------------------------------------------------------+---------+


+---------------------------------------------------------+
; Analysis & Synthesis Resource Usage Summary             ;
+---------------------------------------------+-----------+
; Resource                                    ; Usage     ;
+---------------------------------------------+-----------+
; Estimated Total logic elements              ; 761       ;
;                                             ;           ;
; Total combinational functions               ; 537       ;
; Logic element usage by number of LUT inputs ;           ;
;     -- 4 input functions                    ; 451       ;
;     -- 3 input functions                    ; 50        ;
;     -- <=2 input functions                  ; 36        ;
;                                             ;           ;
; Logic elements by mode                      ;           ;
;     -- normal mode                          ; 521       ;
;     -- arithmetic mode                      ; 16        ;
;                                             ;           ;
; Total registers                             ; 256       ;
;     -- Dedicated logic registers            ; 256       ;
;     -- I/O registers                        ; 0         ;
;                                             ;           ;
; I/O pins                                    ; 76        ;
; Total memory bits                           ; 4096      ;
;                                             ;           ;
; Embedded Multiplier 9-bit elements          ; 0         ;
;                                             ;           ;
; Maximum fan-out node                        ; Clk~input ;
; Maximum fan-out                             ; 272       ;
; Total fan-out                               ; 3094      ;
; Average fan-out                             ; 3.22      ;
+---------------------------------------------+-----------+


+--------------------------------------------------------------------------------------------------------------------------------------------------------------------------------------------------------------------------------------------------------------------------------------------------+
; Analysis & Synthesis Resource Utilization by Entity                                                                                                                                                                                                                                              ;
+-------------------------------------------+---------------------+---------------------------+-------------+--------------+---------+-----------+------+--------------+------------------------------------------------------------------------------------------+-----------------+--------------+
; Compilation Hierarchy Node                ; Combinational ALUTs ; Dedicated Logic Registers ; Memory Bits ; DSP Elements ; DSP 9x9 ; DSP 18x18 ; Pins ; Virtual Pins ; Full Hierarchy Name                                                                      ; Entity Name     ; Library Name ;
+-------------------------------------------+---------------------+---------------------------+-------------+--------------+---------+-----------+------+--------------+------------------------------------------------------------------------------------------+-----------------+--------------+
; |Data_Path                                ; 537 (0)             ; 256 (0)                   ; 4096        ; 0            ; 0       ; 0         ; 76   ; 0            ; |Data_Path                                                                               ; Data_Path       ; work         ;
;    |ALU:ALU|                              ; 68 (68)             ; 0 (0)                     ; 0           ; 0            ; 0       ; 0         ; 0    ; 0            ; |Data_Path|ALU:ALU                                                                       ; ALU             ; work         ;
;    |Data_Memory:DM|                       ; 0 (0)               ; 0 (0)                     ; 4096        ; 0            ; 0       ; 0         ; 0    ; 0            ; |Data_Path|Data_Memory:DM                                                                ; Data_Memory     ; work         ;
;       |altsyncram:altsyncram_component|   ; 0 (0)               ; 0 (0)                     ; 4096        ; 0            ; 0       ; 0         ; 0    ; 0            ; |Data_Path|Data_Memory:DM|altsyncram:altsyncram_component                                ; altsyncram      ; work         ;
;          |altsyncram_a8i1:auto_generated| ; 0 (0)               ; 0 (0)                     ; 4096        ; 0            ; 0       ; 0         ; 0    ; 0            ; |Data_Path|Data_Memory:DM|altsyncram:altsyncram_component|altsyncram_a8i1:auto_generated ; altsyncram_a8i1 ; work         ;
;    |RegisterFile:RF|                      ; 469 (0)             ; 256 (0)                   ; 0           ; 0            ; 0       ; 0         ; 0    ; 0            ; |Data_Path|RegisterFile:RF                                                               ; RegisterFile    ; work         ;
;       |GenericDecoder:ReadADecoder|       ; 16 (16)             ; 0 (0)                     ; 0           ; 0            ; 0       ; 0         ; 0    ; 0            ; |Data_Path|RegisterFile:RF|GenericDecoder:ReadADecoder                                   ; GenericDecoder  ; work         ;
;       |GenericDecoder:ReadBDecoder|       ; 16 (16)             ; 0 (0)                     ; 0           ; 0            ; 0       ; 0         ; 0    ; 0            ; |Data_Path|RegisterFile:RF|GenericDecoder:ReadBDecoder                                   ; GenericDecoder  ; work         ;
;       |GenericDecoder:WriteDecoder|       ; 17 (17)             ; 0 (0)                     ; 0           ; 0            ; 0       ; 0         ; 0    ; 0            ; |Data_Path|RegisterFile:RF|GenericDecoder:WriteDecoder                                   ; GenericDecoder  ; work         ;
;       |RegisterDualOE:rgen[0].U|          ; 370 (370)           ; 16 (16)                   ; 0           ; 0            ; 0       ; 0         ; 0    ; 0            ; |Data_Path|RegisterFile:RF|RegisterDualOE:rgen[0].U                                      ; RegisterDualOE  ; work         ;
;       |RegisterDualOE:rgen[10].U|         ; 3 (3)               ; 16 (16)                   ; 0           ; 0            ; 0       ; 0         ; 0    ; 0            ; |Data_Path|RegisterFile:RF|RegisterDualOE:rgen[10].U                                     ; RegisterDualOE  ; work         ;
;       |RegisterDualOE:rgen[11].U|         ; 6 (6)               ; 16 (16)                   ; 0           ; 0            ; 0       ; 0         ; 0    ; 0            ; |Data_Path|RegisterFile:RF|RegisterDualOE:rgen[11].U                                     ; RegisterDualOE  ; work         ;
;       |RegisterDualOE:rgen[12].U|         ; 1 (1)               ; 16 (16)                   ; 0           ; 0            ; 0       ; 0         ; 0    ; 0            ; |Data_Path|RegisterFile:RF|RegisterDualOE:rgen[12].U                                     ; RegisterDualOE  ; work         ;
;       |RegisterDualOE:rgen[13].U|         ; 3 (3)               ; 16 (16)                   ; 0           ; 0            ; 0       ; 0         ; 0    ; 0            ; |Data_Path|RegisterFile:RF|RegisterDualOE:rgen[13].U                                     ; RegisterDualOE  ; work         ;
;       |RegisterDualOE:rgen[14].U|         ; 3 (3)               ; 16 (16)                   ; 0           ; 0            ; 0       ; 0         ; 0    ; 0            ; |Data_Path|RegisterFile:RF|RegisterDualOE:rgen[14].U                                     ; RegisterDualOE  ; work         ;
;       |RegisterDualOE:rgen[15].U|         ; 2 (2)               ; 16 (16)                   ; 0           ; 0            ; 0       ; 0         ; 0    ; 0            ; |Data_Path|RegisterFile:RF|RegisterDualOE:rgen[15].U                                     ; RegisterDualOE  ; work         ;
;       |RegisterDualOE:rgen[1].U|          ; 19 (19)             ; 16 (16)                   ; 0           ; 0            ; 0       ; 0         ; 0    ; 0            ; |Data_Path|RegisterFile:RF|RegisterDualOE:rgen[1].U                                      ; RegisterDualOE  ; work         ;
;       |RegisterDualOE:rgen[2].U|          ; 1 (1)               ; 16 (16)                   ; 0           ; 0            ; 0       ; 0         ; 0    ; 0            ; |Data_Path|RegisterFile:RF|RegisterDualOE:rgen[2].U                                      ; RegisterDualOE  ; work         ;
;       |RegisterDualOE:rgen[3].U|          ; 2 (2)               ; 16 (16)                   ; 0           ; 0            ; 0       ; 0         ; 0    ; 0            ; |Data_Path|RegisterFile:RF|RegisterDualOE:rgen[3].U                                      ; RegisterDualOE  ; work         ;
;       |RegisterDualOE:rgen[4].U|          ; 1 (1)               ; 16 (16)                   ; 0           ; 0            ; 0       ; 0         ; 0    ; 0            ; |Data_Path|RegisterFile:RF|RegisterDualOE:rgen[4].U                                      ; RegisterDualOE  ; work         ;
;       |RegisterDualOE:rgen[5].U|          ; 1 (1)               ; 16 (16)                   ; 0           ; 0            ; 0       ; 0         ; 0    ; 0            ; |Data_Path|RegisterFile:RF|RegisterDualOE:rgen[5].U                                      ; RegisterDualOE  ; work         ;
;       |RegisterDualOE:rgen[6].U|          ; 1 (1)               ; 16 (16)                   ; 0           ; 0            ; 0       ; 0         ; 0    ; 0            ; |Data_Path|RegisterFile:RF|RegisterDualOE:rgen[6].U                                      ; RegisterDualOE  ; work         ;
;       |RegisterDualOE:rgen[7].U|          ; 1 (1)               ; 16 (16)                   ; 0           ; 0            ; 0       ; 0         ; 0    ; 0            ; |Data_Path|RegisterFile:RF|RegisterDualOE:rgen[7].U                                      ; RegisterDualOE  ; work         ;
;       |RegisterDualOE:rgen[8].U|          ; 5 (5)               ; 16 (16)                   ; 0           ; 0            ; 0       ; 0         ; 0    ; 0            ; |Data_Path|RegisterFile:RF|RegisterDualOE:rgen[8].U                                      ; RegisterDualOE  ; work         ;
;       |RegisterDualOE:rgen[9].U|          ; 1 (1)               ; 16 (16)                   ; 0           ; 0            ; 0       ; 0         ; 0    ; 0            ; |Data_Path|RegisterFile:RF|RegisterDualOE:rgen[9].U                                      ; RegisterDualOE  ; work         ;
+-------------------------------------------+---------------------+---------------------------+-------------+--------------+---------+-----------+------+--------------+------------------------------------------------------------------------------------------+-----------------+--------------+
Note: For table entries with two numbers listed, the numbers in parentheses indicate the number of resources of the given type used by the specific entity alone. The numbers listed outside of parentheses indicate the total resources of the given type used by the specific entity and all of its sub-entities in the hierarchy.


+------------------------------------------------------------------------------------------------------------------------------------------------------------------------------------------------------+
; Analysis & Synthesis RAM Summary                                                                                                                                                                     ;
+------------------------------------------------------------------------------------------+------+-------------+--------------+--------------+--------------+--------------+------+-------------------+
; Name                                                                                     ; Type ; Mode        ; Port A Depth ; Port A Width ; Port B Depth ; Port B Width ; Size ; MIF               ;
+------------------------------------------------------------------------------------------+------+-------------+--------------+--------------+--------------+--------------+------+-------------------+
; Data_Memory:DM|altsyncram:altsyncram_component|altsyncram_a8i1:auto_generated|ALTSYNCRAM ; AUTO ; Single Port ; 256          ; 16           ; --           ; --           ; 4096 ; Data_Mem_Init.mif ;
+------------------------------------------------------------------------------------------+------+-------------+--------------+--------------+--------------+--------------+------+-------------------+


+------------------------------------------------------------------------------------------------------------------------+
; Analysis & Synthesis IP Cores Summary                                                                                  ;
+--------+--------------+---------+--------------+--------------+----------------------------------+---------------------+
; Vendor ; IP Core Name ; Version ; Release Date ; License Type ; Entity Instance                  ; IP Include File     ;
+--------+--------------+---------+--------------+--------------+----------------------------------+---------------------+
; Altera ; RAM: 1-PORT  ; 17.0    ; N/A          ; N/A          ; |Data_Path|Data_Memory:DM        ; Data_Memory.v       ;
; Altera ; LPM_MUX      ; 17.0    ; N/A          ; N/A          ; |Data_Path|Mux_16_Bit_2_to_1:MUX ; Mux_16_Bit_2_to_1.v ;
+--------+--------------+---------+--------------+--------------+----------------------------------+---------------------+


+------------------------------------------------------+
; General Register Statistics                          ;
+----------------------------------------------+-------+
; Statistic                                    ; Value ;
+----------------------------------------------+-------+
; Total registers                              ; 256   ;
; Number of registers using Synchronous Clear  ; 16    ;
; Number of registers using Synchronous Load   ; 0     ;
; Number of registers using Asynchronous Clear ; 0     ;
; Number of registers using Asynchronous Load  ; 0     ;
; Number of registers using Clock Enable       ; 240   ;
; Number of registers using Preset             ; 0     ;
+----------------------------------------------+-------+


+--------------------------------------------------------------------------------------------------------------------------------------------------------------------------+
; Multiplexer Restructuring Statistics (Restructuring Performed)                                                                                                           ;
+--------------------+-----------+---------------+----------------------+------------------------+------------+------------------------------------------------------------+
; Multiplexer Inputs ; Bus Width ; Baseline Area ; Area if Restructured ; Saving if Restructured ; Registered ; Example Multiplexer Output                                 ;
+--------------------+-----------+---------------+----------------------+------------------------+------------+------------------------------------------------------------+
; 3:1                ; 16 bits   ; 32 LEs        ; 32 LEs               ; 0 LEs                  ; Yes        ; |Data_Path|RegisterFile:RF|RegisterDualOE:rgen[0].U|Q[12]  ;
; 3:1                ; 16 bits   ; 32 LEs        ; 32 LEs               ; 0 LEs                  ; Yes        ; |Data_Path|RegisterFile:RF|RegisterDualOE:rgen[1].U|Q[10]  ;
; 3:1                ; 16 bits   ; 32 LEs        ; 32 LEs               ; 0 LEs                  ; Yes        ; |Data_Path|RegisterFile:RF|RegisterDualOE:rgen[2].U|Q[12]  ;
; 3:1                ; 16 bits   ; 32 LEs        ; 32 LEs               ; 0 LEs                  ; Yes        ; |Data_Path|RegisterFile:RF|RegisterDualOE:rgen[3].U|Q[15]  ;
; 3:1                ; 16 bits   ; 32 LEs        ; 32 LEs               ; 0 LEs                  ; Yes        ; |Data_Path|RegisterFile:RF|RegisterDualOE:rgen[4].U|Q[14]  ;
; 3:1                ; 16 bits   ; 32 LEs        ; 32 LEs               ; 0 LEs                  ; Yes        ; |Data_Path|RegisterFile:RF|RegisterDualOE:rgen[5].U|Q[13]  ;
; 3:1                ; 16 bits   ; 32 LEs        ; 32 LEs               ; 0 LEs                  ; Yes        ; |Data_Path|RegisterFile:RF|RegisterDualOE:rgen[6].U|Q[14]  ;
; 3:1                ; 16 bits   ; 32 LEs        ; 32 LEs               ; 0 LEs                  ; Yes        ; |Data_Path|RegisterFile:RF|RegisterDualOE:rgen[7].U|Q[8]   ;
; 3:1                ; 16 bits   ; 32 LEs        ; 32 LEs               ; 0 LEs                  ; Yes        ; |Data_Path|RegisterFile:RF|RegisterDualOE:rgen[8].U|Q[14]  ;
; 3:1                ; 16 bits   ; 32 LEs        ; 32 LEs               ; 0 LEs                  ; Yes        ; |Data_Path|RegisterFile:RF|RegisterDualOE:rgen[9].U|Q[0]   ;
; 3:1                ; 16 bits   ; 32 LEs        ; 32 LEs               ; 0 LEs                  ; Yes        ; |Data_Path|RegisterFile:RF|RegisterDualOE:rgen[10].U|Q[3]  ;
; 3:1                ; 16 bits   ; 32 LEs        ; 32 LEs               ; 0 LEs                  ; Yes        ; |Data_Path|RegisterFile:RF|RegisterDualOE:rgen[11].U|Q[13] ;
; 3:1                ; 16 bits   ; 32 LEs        ; 32 LEs               ; 0 LEs                  ; Yes        ; |Data_Path|RegisterFile:RF|RegisterDualOE:rgen[12].U|Q[2]  ;
; 3:1                ; 16 bits   ; 32 LEs        ; 32 LEs               ; 0 LEs                  ; Yes        ; |Data_Path|RegisterFile:RF|RegisterDualOE:rgen[13].U|Q[14] ;
; 3:1                ; 16 bits   ; 32 LEs        ; 32 LEs               ; 0 LEs                  ; Yes        ; |Data_Path|RegisterFile:RF|RegisterDualOE:rgen[14].U|Q[4]  ;
; 3:1                ; 16 bits   ; 32 LEs        ; 32 LEs               ; 0 LEs                  ; Yes        ; |Data_Path|RegisterFile:RF|RegisterDualOE:rgen[15].U|Q[9]  ;
; 8:1                ; 16 bits   ; 80 LEs        ; 64 LEs               ; 16 LEs                 ; No         ; |Data_Path|ALU:ALU|Mux1                                    ;
; 3:1                ; 16 bits   ; 32 LEs        ; 0 LEs                ; 32 LEs                 ; No         ; |Data_Path|ALU:ALU|Add0                                    ;
; 3:1                ; 16 bits   ; 32 LEs        ; 32 LEs               ; 0 LEs                  ; No         ; |Data_Path|ALU:ALU|Add0                                    ;
+--------------------+-----------+---------------+----------------------+------------------------+------------+------------------------------------------------------------+


+------------------------------------------------------------------------------------------------------+
; Source assignments for Data_Memory:DM|altsyncram:altsyncram_component|altsyncram_a8i1:auto_generated ;
+---------------------------------+--------------------+------+----------------------------------------+
; Assignment                      ; Value              ; From ; To                                     ;
+---------------------------------+--------------------+------+----------------------------------------+
; OPTIMIZE_POWER_DURING_SYNTHESIS ; NORMAL_COMPILATION ; -    ; -                                      ;
+---------------------------------+--------------------+------+----------------------------------------+


+---------------------------------------------------------------------------------------------+
; Parameter Settings for User Entity Instance: Data_Memory:DM|altsyncram:altsyncram_component ;
+------------------------------------+----------------------+---------------------------------+
; Parameter Name                     ; Value                ; Type                            ;
+------------------------------------+----------------------+---------------------------------+
; BYTE_SIZE_BLOCK                    ; 8                    ; Untyped                         ;
; AUTO_CARRY_CHAINS                  ; ON                   ; AUTO_CARRY                      ;
; IGNORE_CARRY_BUFFERS               ; OFF                  ; IGNORE_CARRY                    ;
; AUTO_CASCADE_CHAINS                ; ON                   ; AUTO_CASCADE                    ;
; IGNORE_CASCADE_BUFFERS             ; OFF                  ; IGNORE_CASCADE                  ;
; WIDTH_BYTEENA                      ; 1                    ; Untyped                         ;
; OPERATION_MODE                     ; SINGLE_PORT          ; Untyped                         ;
; WIDTH_A                            ; 16                   ; Signed Integer                  ;
; WIDTHAD_A                          ; 8                    ; Signed Integer                  ;
; NUMWORDS_A                         ; 256                  ; Signed Integer                  ;
; OUTDATA_REG_A                      ; CLOCK0               ; Untyped                         ;
; ADDRESS_ACLR_A                     ; NONE                 ; Untyped                         ;
; OUTDATA_ACLR_A                     ; NONE                 ; Untyped                         ;
; WRCONTROL_ACLR_A                   ; NONE                 ; Untyped                         ;
; INDATA_ACLR_A                      ; NONE                 ; Untyped                         ;
; BYTEENA_ACLR_A                     ; NONE                 ; Untyped                         ;
; WIDTH_B                            ; 1                    ; Untyped                         ;
; WIDTHAD_B                          ; 1                    ; Untyped                         ;
; NUMWORDS_B                         ; 1                    ; Untyped                         ;
; INDATA_REG_B                       ; CLOCK1               ; Untyped                         ;
; WRCONTROL_WRADDRESS_REG_B          ; CLOCK1               ; Untyped                         ;
; RDCONTROL_REG_B                    ; CLOCK1               ; Untyped                         ;
; ADDRESS_REG_B                      ; CLOCK1               ; Untyped                         ;
; OUTDATA_REG_B                      ; UNREGISTERED         ; Untyped                         ;
; BYTEENA_REG_B                      ; CLOCK1               ; Untyped                         ;
; INDATA_ACLR_B                      ; NONE                 ; Untyped                         ;
; WRCONTROL_ACLR_B                   ; NONE                 ; Untyped                         ;
; ADDRESS_ACLR_B                     ; NONE                 ; Untyped                         ;
; OUTDATA_ACLR_B                     ; NONE                 ; Untyped                         ;
; RDCONTROL_ACLR_B                   ; NONE                 ; Untyped                         ;
; BYTEENA_ACLR_B                     ; NONE                 ; Untyped                         ;
; WIDTH_BYTEENA_A                    ; 1                    ; Signed Integer                  ;
; WIDTH_BYTEENA_B                    ; 1                    ; Untyped                         ;
; RAM_BLOCK_TYPE                     ; AUTO                 ; Untyped                         ;
; BYTE_SIZE                          ; 8                    ; Untyped                         ;
; READ_DURING_WRITE_MODE_MIXED_PORTS ; DONT_CARE            ; Untyped                         ;
; READ_DURING_WRITE_MODE_PORT_A      ; NEW_DATA_NO_NBE_READ ; Untyped                         ;
; READ_DURING_WRITE_MODE_PORT_B      ; NEW_DATA_NO_NBE_READ ; Untyped                         ;
; INIT_FILE                          ; Data_Mem_Init.mif    ; Untyped                         ;
; INIT_FILE_LAYOUT                   ; PORT_A               ; Untyped                         ;
; MAXIMUM_DEPTH                      ; 0                    ; Untyped                         ;
; CLOCK_ENABLE_INPUT_A               ; BYPASS               ; Untyped                         ;
; CLOCK_ENABLE_INPUT_B               ; NORMAL               ; Untyped                         ;
; CLOCK_ENABLE_OUTPUT_A              ; BYPASS               ; Untyped                         ;
; CLOCK_ENABLE_OUTPUT_B              ; NORMAL               ; Untyped                         ;
; CLOCK_ENABLE_CORE_A                ; USE_INPUT_CLKEN      ; Untyped                         ;
; CLOCK_ENABLE_CORE_B                ; USE_INPUT_CLKEN      ; Untyped                         ;
; ENABLE_ECC                         ; FALSE                ; Untyped                         ;
; ECC_PIPELINE_STAGE_ENABLED         ; FALSE                ; Untyped                         ;
; WIDTH_ECCSTATUS                    ; 3                    ; Untyped                         ;
; DEVICE_FAMILY                      ; Cyclone IV E         ; Untyped                         ;
; CBXI_PARAMETER                     ; altsyncram_a8i1      ; Untyped                         ;
+------------------------------------+----------------------+---------------------------------+
Note: In order to hide this table in the UI and the text report file, please set the "Show Parameter Settings in Synthesis Report" option in "Analysis and Synthesis Settings -> More Settings" to "Off".


+----------------------------------------------------------------------------------------------+
; Parameter Settings for User Entity Instance: Mux_16_Bit_2_to_1:MUX|lpm_mux:LPM_MUX_component ;
+------------------------+--------------+------------------------------------------------------+
; Parameter Name         ; Value        ; Type                                                 ;
+------------------------+--------------+------------------------------------------------------+
; AUTO_CARRY_CHAINS      ; ON           ; AUTO_CARRY                                           ;
; IGNORE_CARRY_BUFFERS   ; OFF          ; IGNORE_CARRY                                         ;
; AUTO_CASCADE_CHAINS    ; ON           ; AUTO_CASCADE                                         ;
; IGNORE_CASCADE_BUFFERS ; OFF          ; IGNORE_CASCADE                                       ;
; LPM_WIDTH              ; 16           ; Signed Integer                                       ;
; LPM_SIZE               ; 2            ; Signed Integer                                       ;
; LPM_WIDTHS             ; 1            ; Signed Integer                                       ;
; LPM_PIPELINE           ; 0            ; Untyped                                              ;
; CBXI_PARAMETER         ; mux_tsc      ; Untyped                                              ;
; DEVICE_FAMILY          ; Cyclone IV E ; Untyped                                              ;
+------------------------+--------------+------------------------------------------------------+
Note: In order to hide this table in the UI and the text report file, please set the "Show Parameter Settings in Synthesis Report" option in "Analysis and Synthesis Settings -> More Settings" to "Off".


+------------------------------------------------------------------------------------------+
; Parameter Settings for User Entity Instance: RegisterFile:RF|GenericDecoder:WriteDecoder ;
+----------------+-------+-----------------------------------------------------------------+
; Parameter Name ; Value ; Type                                                            ;
+----------------+-------+-----------------------------------------------------------------+
; M              ; 4     ; Signed Integer                                                  ;
+----------------+-------+-----------------------------------------------------------------+
Note: In order to hide this table in the UI and the text report file, please set the "Show Parameter Settings in Synthesis Report" option in "Analysis and Synthesis Settings -> More Settings" to "Off".


+------------------------------------------------------------------------------------------+
; Parameter Settings for User Entity Instance: RegisterFile:RF|GenericDecoder:ReadADecoder ;
+----------------+-------+-----------------------------------------------------------------+
; Parameter Name ; Value ; Type                                                            ;
+----------------+-------+-----------------------------------------------------------------+
; M              ; 4     ; Signed Integer                                                  ;
+----------------+-------+-----------------------------------------------------------------+
Note: In order to hide this table in the UI and the text report file, please set the "Show Parameter Settings in Synthesis Report" option in "Analysis and Synthesis Settings -> More Settings" to "Off".


+------------------------------------------------------------------------------------------+
; Parameter Settings for User Entity Instance: RegisterFile:RF|GenericDecoder:ReadBDecoder ;
+----------------+-------+-----------------------------------------------------------------+
; Parameter Name ; Value ; Type                                                            ;
+----------------+-------+-----------------------------------------------------------------+
; M              ; 4     ; Signed Integer                                                  ;
+----------------+-------+-----------------------------------------------------------------+
Note: In order to hide this table in the UI and the text report file, please set the "Show Parameter Settings in Synthesis Report" option in "Analysis and Synthesis Settings -> More Settings" to "Off".


+--------------------------------------------------------------------------------------------+
; altsyncram Parameter Settings by Entity Instance                                           ;
+-------------------------------------------+------------------------------------------------+
; Name                                      ; Value                                          ;
+-------------------------------------------+------------------------------------------------+
; Number of entity instances                ; 1                                              ;
; Entity Instance                           ; Data_Memory:DM|altsyncram:altsyncram_component ;
;     -- OPERATION_MODE                     ; SINGLE_PORT                                    ;
;     -- WIDTH_A                            ; 16                                             ;
;     -- NUMWORDS_A                         ; 256                                            ;
;     -- OUTDATA_REG_A                      ; CLOCK0                                         ;
;     -- WIDTH_B                            ; 1                                              ;
;     -- NUMWORDS_B                         ; 1                                              ;
;     -- ADDRESS_REG_B                      ; CLOCK1                                         ;
;     -- OUTDATA_REG_B                      ; UNREGISTERED                                   ;
;     -- RAM_BLOCK_TYPE                     ; AUTO                                           ;
;     -- READ_DURING_WRITE_MODE_MIXED_PORTS ; DONT_CARE                                      ;
+-------------------------------------------+------------------------------------------------+


+---------------------------------------------+
; Port Connectivity Checks: "RegisterFile:RF" ;
+-------+-------+----------+------------------+
; Port  ; Type  ; Severity ; Details          ;
+-------+-------+----------+------------------+
; Ra_en ; Input ; Info     ; Stuck at VCC     ;
; Rb_en ; Input ; Info     ; Stuck at VCC     ;
+-------+-------+----------+------------------+


+-----------------------------------------------------+
; Post-Synthesis Netlist Statistics for Top Partition ;
+-----------------------+-----------------------------+
; Type                  ; Count                       ;
+-----------------------+-----------------------------+
; boundary_port         ; 76                          ;
; cycloneiii_ff         ; 256                         ;
;     ENA               ; 240                         ;
;     SCLR              ; 16                          ;
; cycloneiii_io_obuf    ; 32                          ;
; cycloneiii_lcell_comb ; 537                         ;
;     arith             ; 16                          ;
;         2 data inputs ; 1                           ;
;         3 data inputs ; 15                          ;
;     normal            ; 521                         ;
;         2 data inputs ; 35                          ;
;         3 data inputs ; 35                          ;
;         4 data inputs ; 451                         ;
; cycloneiii_ram_block  ; 16                          ;
;                       ;                             ;
; Max LUT depth         ; 9.50                        ;
; Average LUT depth     ; 7.20                        ;
+-----------------------+-----------------------------+


+-------------------------------+
; Elapsed Time Per Partition    ;
+----------------+--------------+
; Partition Name ; Elapsed Time ;
+----------------+--------------+
; Top            ; 00:00:02     ;
+----------------+--------------+


+-------------------------------+
; Analysis & Synthesis Messages ;
+-------------------------------+
Info: *******************************************************************
Info: Running Quartus Prime Analysis & Synthesis
    Info: Version 17.0.0 Build 595 04/25/2017 SJ Lite Edition
    Info: Processing started: Wed Jun 06 19:27:24 2018
Info: Command: quartus_map --read_settings_files=on --write_settings_files=off Processor -c Processor
Warning (18236): Number of processors has not been specified which may cause overloading on shared machines.  Set the global assignment NUM_PARALLEL_PROCESSORS in your QSF to an appropriate value for best performance.
Info (20029): Only one processor detected - disabling parallel compilation
Info (12021): Found 2 design units, including 2 entities, in source file regegisterfile.sv
    Info (12023): Found entity 1: RegisterFile File: C:/UWT/TCES330/labs/Processor/RegegisterFile.sv Line: 10
    Info (12023): Found entity 2: RegisterFile_testbench File: C:/UWT/TCES330/labs/Processor/RegegisterFile.sv Line: 41
Info (12021): Found 1 design units, including 1 entities, in source file registerdualoe.v
    Info (12023): Found entity 1: RegisterDualOE File: C:/UWT/TCES330/labs/Processor/RegisterDualOE.v Line: 9
Info (12021): Found 1 design units, including 1 entities, in source file genericdecoder2.v
    Info (12023): Found entity 1: GenericDecoder File: C:/UWT/TCES330/labs/Processor/GenericDecoder2.v Line: 6
Info (12021): Found 1 design units, including 1 entities, in source file data_path.sv
    Info (12023): Found entity 1: Data_Path File: C:/UWT/TCES330/labs/Processor/Data_Path.sv Line: 1
Info (12021): Found 2 design units, including 2 entities, in source file alu.sv
    Info (12023): Found entity 1: ALU File: C:/UWT/TCES330/labs/Processor/ALU.sv Line: 1
    Info (12023): Found entity 2: ALU_testbench File: C:/UWT/TCES330/labs/Processor/ALU.sv Line: 28
Info (12021): Found 1 design units, including 1 entities, in source file data_memory.v
    Info (12023): Found entity 1: Data_Memory File: C:/UWT/TCES330/labs/Processor/Data_Memory.v Line: 40
Info (12021): Found 1 design units, including 1 entities, in source file mux_16_bit_2_to_1.v
    Info (12023): Found entity 1: Mux_16_Bit_2_to_1 File: C:/UWT/TCES330/labs/Processor/Mux_16_Bit_2_to_1.v Line: 40
Info (12127): Elaborating entity "Data_Path" for the top level hierarchy
Info (12128): Elaborating entity "Data_Memory" for hierarchy "Data_Memory:DM" File: C:/UWT/TCES330/labs/Processor/Data_Path.sv Line: 22
Info (12128): Elaborating entity "altsyncram" for hierarchy "Data_Memory:DM|altsyncram:altsyncram_component" File: C:/UWT/TCES330/labs/Processor/Data_Memory.v Line: 86
Info (12130): Elaborated megafunction instantiation "Data_Memory:DM|altsyncram:altsyncram_component" File: C:/UWT/TCES330/labs/Processor/Data_Memory.v Line: 86
Info (12133): Instantiated megafunction "Data_Memory:DM|altsyncram:altsyncram_component" with the following parameter: File: C:/UWT/TCES330/labs/Processor/Data_Memory.v Line: 86
    Info (12134): Parameter "clock_enable_input_a" = "BYPASS"
    Info (12134): Parameter "clock_enable_output_a" = "BYPASS"
    Info (12134): Parameter "init_file" = "Data_Mem_Init.mif"
    Info (12134): Parameter "intended_device_family" = "Cyclone IV E"
    Info (12134): Parameter "lpm_hint" = "ENABLE_RUNTIME_MOD=NO"
    Info (12134): Parameter "lpm_type" = "altsyncram"
    Info (12134): Parameter "numwords_a" = "256"
    Info (12134): Parameter "operation_mode" = "SINGLE_PORT"
    Info (12134): Parameter "outdata_aclr_a" = "NONE"
    Info (12134): Parameter "outdata_reg_a" = "CLOCK0"
    Info (12134): Parameter "power_up_uninitialized" = "FALSE"
    Info (12134): Parameter "read_during_write_mode_port_a" = "NEW_DATA_NO_NBE_READ"
    Info (12134): Parameter "widthad_a" = "8"
    Info (12134): Parameter "width_a" = "16"
    Info (12134): Parameter "width_byteena_a" = "1"
Info (12021): Found 1 design units, including 1 entities, in source file db/altsyncram_a8i1.tdf
    Info (12023): Found entity 1: altsyncram_a8i1 File: C:/UWT/TCES330/labs/Processor/db/altsyncram_a8i1.tdf Line: 28
Info (12128): Elaborating entity "altsyncram_a8i1" for hierarchy "Data_Memory:DM|altsyncram:altsyncram_component|altsyncram_a8i1:auto_generated" File: c:/intelfpga_lite/17.0/quartus/libraries/megafunctions/altsyncram.tdf Line: 792
Info (12128): Elaborating entity "Mux_16_Bit_2_to_1" for hierarchy "Mux_16_Bit_2_to_1:MUX" File: C:/UWT/TCES330/labs/Processor/Data_Path.sv Line: 24
Info (12128): Elaborating entity "lpm_mux" for hierarchy "Mux_16_Bit_2_to_1:MUX|lpm_mux:LPM_MUX_component" File: C:/UWT/TCES330/labs/Processor/Mux_16_Bit_2_to_1.v Line: 69
Info (12130): Elaborated megafunction instantiation "Mux_16_Bit_2_to_1:MUX|lpm_mux:LPM_MUX_component" File: C:/UWT/TCES330/labs/Processor/Mux_16_Bit_2_to_1.v Line: 69
Info (12133): Instantiated megafunction "Mux_16_Bit_2_to_1:MUX|lpm_mux:LPM_MUX_component" with the following parameter: File: C:/UWT/TCES330/labs/Processor/Mux_16_Bit_2_to_1.v Line: 69
    Info (12134): Parameter "lpm_size" = "2"
    Info (12134): Parameter "lpm_type" = "LPM_MUX"
    Info (12134): Parameter "lpm_width" = "16"
    Info (12134): Parameter "lpm_widths" = "1"
Info (12021): Found 1 design units, including 1 entities, in source file db/mux_tsc.tdf
    Info (12023): Found entity 1: mux_tsc File: C:/UWT/TCES330/labs/Processor/db/mux_tsc.tdf Line: 23
Info (12128): Elaborating entity "mux_tsc" for hierarchy "Mux_16_Bit_2_to_1:MUX|lpm_mux:LPM_MUX_component|mux_tsc:auto_generated" File: c:/intelfpga_lite/17.0/quartus/libraries/megafunctions/lpm_mux.tdf Line: 87
Info (12128): Elaborating entity "ALU" for hierarchy "ALU:ALU" File: C:/UWT/TCES330/labs/Processor/Data_Path.sv Line: 26
Info (12128): Elaborating entity "RegisterFile" for hierarchy "RegisterFile:RF" File: C:/UWT/TCES330/labs/Processor/Data_Path.sv Line: 28
Info (12128): Elaborating entity "GenericDecoder" for hierarchy "RegisterFile:RF|GenericDecoder:WriteDecoder" File: C:/UWT/TCES330/labs/Processor/RegegisterFile.sv Line: 27
Info (12128): Elaborating entity "RegisterDualOE" for hierarchy "RegisterFile:RF|RegisterDualOE:rgen[0].U" File: C:/UWT/TCES330/labs/Processor/RegegisterFile.sv Line: 34
Warning (13046): Tri-state node(s) do not directly drive top-level pin(s)
    Warning (13047): Converted the fan-out from the tri-state buffer "RegisterFile:RF|RegisterDualOE:rgen[0].U|Qb[0]" to the node "ALU:ALU|Add0" into an OR gate File: C:/UWT/TCES330/labs/Processor/registerdualoe.v Line: 18
    Warning (13047): Converted the fan-out from the tri-state buffer "RegisterFile:RF|RegisterDualOE:rgen[0].U|Qa[0]" to the node "Data_Memory:DM|altsyncram:altsyncram_component|altsyncram_a8i1:auto_generated|q_a[0]" into an OR gate File: C:/UWT/TCES330/labs/Processor/registerdualoe.v Line: 17
    Warning (13047): Converted the fan-out from the tri-state buffer "RegisterFile:RF|RegisterDualOE:rgen[0].U|Qb[1]" to the node "ALU:ALU|Add0" into an OR gate File: C:/UWT/TCES330/labs/Processor/registerdualoe.v Line: 18
    Warning (13047): Converted the fan-out from the tri-state buffer "RegisterFile:RF|RegisterDualOE:rgen[0].U|Qa[1]" to the node "Data_Memory:DM|altsyncram:altsyncram_component|altsyncram_a8i1:auto_generated|q_a[1]" into an OR gate File: C:/UWT/TCES330/labs/Processor/registerdualoe.v Line: 17
    Warning (13047): Converted the fan-out from the tri-state buffer "RegisterFile:RF|RegisterDualOE:rgen[0].U|Qb[2]" to the node "ALU:ALU|Add0" into an OR gate File: C:/UWT/TCES330/labs/Processor/registerdualoe.v Line: 18
    Warning (13047): Converted the fan-out from the tri-state buffer "RegisterFile:RF|RegisterDualOE:rgen[0].U|Qa[2]" to the node "Data_Memory:DM|altsyncram:altsyncram_component|altsyncram_a8i1:auto_generated|q_a[2]" into an OR gate File: C:/UWT/TCES330/labs/Processor/registerdualoe.v Line: 17
    Warning (13047): Converted the fan-out from the tri-state buffer "RegisterFile:RF|RegisterDualOE:rgen[0].U|Qb[3]" to the node "ALU:ALU|Add0" into an OR gate File: C:/UWT/TCES330/labs/Processor/registerdualoe.v Line: 18
    Warning (13047): Converted the fan-out from the tri-state buffer "RegisterFile:RF|RegisterDualOE:rgen[0].U|Qa[3]" to the node "Data_Memory:DM|altsyncram:altsyncram_component|altsyncram_a8i1:auto_generated|q_a[3]" into an OR gate File: C:/UWT/TCES330/labs/Processor/registerdualoe.v Line: 17
    Warning (13047): Converted the fan-out from the tri-state buffer "RegisterFile:RF|RegisterDualOE:rgen[0].U|Qb[4]" to the node "ALU:ALU|Add0" into an OR gate File: C:/UWT/TCES330/labs/Processor/registerdualoe.v Line: 18
    Warning (13047): Converted the fan-out from the tri-state buffer "RegisterFile:RF|RegisterDualOE:rgen[0].U|Qa[4]" to the node "Data_Memory:DM|altsyncram:altsyncram_component|altsyncram_a8i1:auto_generated|q_a[4]" into an OR gate File: C:/UWT/TCES330/labs/Processor/registerdualoe.v Line: 17
    Warning (13047): Converted the fan-out from the tri-state buffer "RegisterFile:RF|RegisterDualOE:rgen[0].U|Qb[5]" to the node "ALU:ALU|Add0" into an OR gate File: C:/UWT/TCES330/labs/Processor/registerdualoe.v Line: 18
    Warning (13047): Converted the fan-out from the tri-state buffer "RegisterFile:RF|RegisterDualOE:rgen[0].U|Qa[5]" to the node "Data_Memory:DM|altsyncram:altsyncram_component|altsyncram_a8i1:auto_generated|q_a[5]" into an OR gate File: C:/UWT/TCES330/labs/Processor/registerdualoe.v Line: 17
    Warning (13047): Converted the fan-out from the tri-state buffer "RegisterFile:RF|RegisterDualOE:rgen[0].U|Qb[6]" to the node "ALU:ALU|Add0" into an OR gate File: C:/UWT/TCES330/labs/Processor/registerdualoe.v Line: 18
    Warning (13047): Converted the fan-out from the tri-state buffer "RegisterFile:RF|RegisterDualOE:rgen[0].U|Qa[6]" to the node "Data_Memory:DM|altsyncram:altsyncram_component|altsyncram_a8i1:auto_generated|q_a[6]" into an OR gate File: C:/UWT/TCES330/labs/Processor/registerdualoe.v Line: 17
    Warning (13047): Converted the fan-out from the tri-state buffer "RegisterFile:RF|RegisterDualOE:rgen[0].U|Qb[7]" to the node "ALU:ALU|Add0" into an OR gate File: C:/UWT/TCES330/labs/Processor/registerdualoe.v Line: 18
    Warning (13047): Converted the fan-out from the tri-state buffer "RegisterFile:RF|RegisterDualOE:rgen[0].U|Qa[7]" to the node "Data_Memory:DM|altsyncram:altsyncram_component|altsyncram_a8i1:auto_generated|q_a[7]" into an OR gate File: C:/UWT/TCES330/labs/Processor/registerdualoe.v Line: 17
    Warning (13047): Converted the fan-out from the tri-state buffer "RegisterFile:RF|RegisterDualOE:rgen[0].U|Qb[8]" to the node "ALU:ALU|Add0" into an OR gate File: C:/UWT/TCES330/labs/Processor/registerdualoe.v Line: 18
    Warning (13047): Converted the fan-out from the tri-state buffer "RegisterFile:RF|RegisterDualOE:rgen[0].U|Qa[8]" to the node "Data_Memory:DM|altsyncram:altsyncram_component|altsyncram_a8i1:auto_generated|q_a[8]" into an OR gate File: C:/UWT/TCES330/labs/Processor/registerdualoe.v Line: 17
    Warning (13047): Converted the fan-out from the tri-state buffer "RegisterFile:RF|RegisterDualOE:rgen[0].U|Qb[9]" to the node "ALU:ALU|Add0" into an OR gate File: C:/UWT/TCES330/labs/Processor/registerdualoe.v Line: 18
    Warning (13047): Converted the fan-out from the tri-state buffer "RegisterFile:RF|RegisterDualOE:rgen[0].U|Qa[9]" to the node "Data_Memory:DM|altsyncram:altsyncram_component|altsyncram_a8i1:auto_generated|q_a[9]" into an OR gate File: C:/UWT/TCES330/labs/Processor/registerdualoe.v Line: 17
    Warning (13047): Converted the fan-out from the tri-state buffer "RegisterFile:RF|RegisterDualOE:rgen[0].U|Qb[10]" to the node "ALU:ALU|Add0" into an OR gate File: C:/UWT/TCES330/labs/Processor/registerdualoe.v Line: 18
    Warning (13047): Converted the fan-out from the tri-state buffer "RegisterFile:RF|RegisterDualOE:rgen[0].U|Qa[10]" to the node "Data_Memory:DM|altsyncram:altsyncram_component|altsyncram_a8i1:auto_generated|q_a[10]" into an OR gate File: C:/UWT/TCES330/labs/Processor/registerdualoe.v Line: 17
    Warning (13047): Converted the fan-out from the tri-state buffer "RegisterFile:RF|RegisterDualOE:rgen[0].U|Qb[11]" to the node "ALU:ALU|Add0" into an OR gate File: C:/UWT/TCES330/labs/Processor/registerdualoe.v Line: 18
    Warning (13047): Converted the fan-out from the tri-state buffer "RegisterFile:RF|RegisterDualOE:rgen[0].U|Qa[11]" to the node "Data_Memory:DM|altsyncram:altsyncram_component|altsyncram_a8i1:auto_generated|q_a[11]" into an OR gate File: C:/UWT/TCES330/labs/Processor/registerdualoe.v Line: 17
    Warning (13047): Converted the fan-out from the tri-state buffer "RegisterFile:RF|RegisterDualOE:rgen[0].U|Qb[12]" to the node "ALU:ALU|Add0" into an OR gate File: C:/UWT/TCES330/labs/Processor/registerdualoe.v Line: 18
    Warning (13047): Converted the fan-out from the tri-state buffer "RegisterFile:RF|RegisterDualOE:rgen[0].U|Qa[12]" to the node "Data_Memory:DM|altsyncram:altsyncram_component|altsyncram_a8i1:auto_generated|q_a[12]" into an OR gate File: C:/UWT/TCES330/labs/Processor/registerdualoe.v Line: 17
    Warning (13047): Converted the fan-out from the tri-state buffer "RegisterFile:RF|RegisterDualOE:rgen[0].U|Qb[13]" to the node "ALU:ALU|Add0" into an OR gate File: C:/UWT/TCES330/labs/Processor/registerdualoe.v Line: 18
    Warning (13047): Converted the fan-out from the tri-state buffer "RegisterFile:RF|RegisterDualOE:rgen[0].U|Qa[13]" to the node "Data_Memory:DM|altsyncram:altsyncram_component|altsyncram_a8i1:auto_generated|q_a[13]" into an OR gate File: C:/UWT/TCES330/labs/Processor/registerdualoe.v Line: 17
    Warning (13047): Converted the fan-out from the tri-state buffer "RegisterFile:RF|RegisterDualOE:rgen[0].U|Qb[14]" to the node "ALU:ALU|Add0" into an OR gate File: C:/UWT/TCES330/labs/Processor/registerdualoe.v Line: 18
    Warning (13047): Converted the fan-out from the tri-state buffer "RegisterFile:RF|RegisterDualOE:rgen[0].U|Qa[14]" to the node "Data_Memory:DM|altsyncram:altsyncram_component|altsyncram_a8i1:auto_generated|q_a[14]" into an OR gate File: C:/UWT/TCES330/labs/Processor/registerdualoe.v Line: 17
    Warning (13047): Converted the fan-out from the tri-state buffer "RegisterFile:RF|RegisterDualOE:rgen[0].U|Qb[15]" to the node "ALU:ALU|Add0" into an OR gate File: C:/UWT/TCES330/labs/Processor/registerdualoe.v Line: 18
    Warning (13047): Converted the fan-out from the tri-state buffer "RegisterFile:RF|RegisterDualOE:rgen[0].U|Qa[15]" to the node "Data_Memory:DM|altsyncram:altsyncram_component|altsyncram_a8i1:auto_generated|q_a[15]" into an OR gate File: C:/UWT/TCES330/labs/Processor/registerdualoe.v Line: 17
Info (286030): Timing-Driven Synthesis is running
Info (144001): Generated suppressed messages file C:/UWT/TCES330/labs/Processor/output_files/Processor.map.smsg
Info (16010): Generating hard_block partition "hard_block:auto_generated_inst"
    Info (16011): Adding 0 node(s), including 0 DDIO, 0 PLL, 0 transceiver and 0 LCELL
Info (21057): Implemented 869 device resources after synthesis - the final resource count might be different
    Info (21058): Implemented 28 input pins
    Info (21059): Implemented 48 output pins
    Info (21061): Implemented 777 logic cells
    Info (21064): Implemented 16 RAM segments
Info: Quartus Prime Analysis & Synthesis was successful. 0 errors, 34 warnings
    Info: Peak virtual memory: 4779 megabytes
    Info: Processing ended: Wed Jun 06 19:28:03 2018
    Info: Elapsed time: 00:00:39
    Info: Total CPU time (on all processors): 00:00:35


+------------------------------------------+
; Analysis & Synthesis Suppressed Messages ;
+------------------------------------------+
The suppressed messages can be found in C:/UWT/TCES330/labs/Processor/output_files/Processor.map.smsg.


